<?xml version="1.0" encoding="UTF-8" ?>
<testsuite errors="0" failures="1" hostname="mobiloppression" name="org.netbeans.modules.compapp.catd.ConfiguredTest" tests="1" time="3.359" timestamp="2014-01-14T11:03:39">
  <properties>
    <property name="com.sun.jbi.sa.internal.routing" value="true" />
    <property name="libs.DataBindingME.src" value="" />
    <property name="libs.j2me_ant_ext.javadoc" value="" />
    <property name="source.root" value="src" />
    <property name="org.openide.TopManager.GUI" value="true" />
    <property name="libs.theme-default.classpath" value="C:\Programme\NetBeans 6.5\visualweb2\modules\ext\defaulttheme.jar" />
    <property name="libs.proguard.javadoc" value="" />
    <property name="libs.junit.javadoc" value="C:\Programme\NetBeans 6.5\java2\docs\junit-3.8.2-api.zip" />
    <property name="libs.nsicom-ant-utils.src" value="" />
    <property name="libs.nokiaS80-ant-utils.javadoc" value="" />
    <property name="ant.core.lib" value="C:\Programme\NetBeans 6.5\java2\ant\lib\ant.jar" />
    <property name="libs.swing-app-framework.src" value="" />
    <property name="libs.jakarta_slide_ant_webdav.javadoc" value="" />
    <property name="javadoc.windowtitle" value="" />
    <property name="libs.toplink.classpath" value="C:\Programme\NetBeans 6.5\java2\modules\ext\toplink\toplink-essentials.jar;C:\Programme\NetBeans 6.5\java2\modules\ext\toplink\toplink-essentials-agent.jar" />
    <property name="user.dir" value="C:\Dokumente und Einstellungen\Install\Eigene Dateien\NetBeansProjects\AsynchronousSample\AsynchronousSampleApplication" />
    <property name="libs.theme-default-green.classpath" value="C:\Programme\NetBeans 6.5\visualweb2\modules\ext\defaulttheme-green.jar" />
    <property name="libs.hibernate-persistence.javadoc" value="" />
    <property name="libs.JMUnit4CLDC10.javadoc" value="C:\Programme\NetBeans 6.5\mobility8\modules\docs\jmunit-1.2.1-api.zip" />
    <property name="java.vm.version" value="20.13-b02" />
    <property name="libs.DataBindingME.classpath" value="C:\Programme\NetBeans 6.5\mobility8\modules\ext\netbeans_databindingme.jar" />
    <property name="libs.jstl11.maven-pom" value="" />
    <property name="libs.nsicom-ant-utils.classpath" value="C:\Programme\NetBeans 6.5\mobility8\ant\nblib\org-netbeans-modules-j2me-cdc-project-nsicom.jar" />
    <property name="libs.MySQLDriver.classpath" value="C:\Programme\NetBeans 6.5\ide10\modules\ext\mysql-connector-java-5.1.6-bin.jar" />
    <property name="jbi.content.additional" value="../AsynchronousSample/build/SEDeployment.jar" />
    <property name="libs.jstl11.src" value="" />
    <property name="javadoc.notree" value="false" />
    <property name="libs.DataBindingME-PIM.maven-pom" value="" />
    <property name="libs.hibernate-support.maven-pom" value="" />
    <property name="libs.hibernate-support.javadoc" value="" />
    <property name="libs.exceptionhandler-runtime.maven-pom" value="" />
    <property name="libs.NetBeans MIDP Components.maven-pom" value="" />
    <property name="jdk.home" value="C:\Programme\Java\jdk1.6.0_38" />
    <property name="libs.javac-api.src" value="" />
    <property name="javadoc.noindex" value="false" />
    <property name="xml.module.install.dir" value="C:\Programme\NetBeans 6.5\xml2\modules" />
    <property name="libs.theme-default-green.runtime" value="C:\Programme\NetBeans 6.5\visualweb2\modules\ext\defaulttheme-green.jar" />
    <property name="sun.os.patch.level" value="Service Pack 3" />
    <property name="libs.theme-default-gray.runtime" value="C:\Programme\NetBeans 6.5\visualweb2\modules\ext\defaulttheme-gray.jar" />
    <property name="java.vm.specification.name" value="Java Virtual Machine Specification" />
    <property name="libs.semc-ant-utils.classpath" value="C:\Programme\NetBeans 6.5\mobility8\modules\ext\org-netbeans-modules-j2me-cdc-project-semc.jar" />
    <property name="nb.show.statistics.ui" value="usageStatisticsEnabled" />
    <property name="libs.jsf-extensions.maven-pom" value="" />
    <property name="libs.jdbcsupport-runtime.classpath" value="C:\Programme\NetBeans 6.5\visualweb2\modules\ext\sqlx.jar" />
    <property name="libs.nokiadeployment.classpath" value="C:\Programme\NetBeans 6.5\mobility8\modules\org-netbeans-modules-mobility-deployment-nokia.jar" />
    <property name="have.tests" value="true" />
    <property name="libs.nokiaS80-ant-utils.maven-pom" value="" />
    <property name="libs.jdbcsupport-designtime.classpath" value="C:\Programme\NetBeans 6.5\visualweb2\modules\ext\sqlx.jar" />
    <property name="org.xml.sax.driver" value="com.sun.org.apache.xerces.internal.jaxp.SAXParserImpl$JAXPSAXParser" />
    <property name="libs.nb_svg_midp_components.src" value="C:\Programme\NetBeans 6.5\mobility8\sources\nb_svg_midp_components-src.zip" />
    <property name="j2ee.server.instance" value="[C:\Programme\glassfish-v2ur2]deployer:Sun:AppServer::localhost:4848" />
    <property name="libs.NetBeans MIDP Components WMA.src" value="C:\Programme\NetBeans 6.5\mobility8\sources\netbeans_midp_components_wma-src.zip" />
    <property name="libs.javac-api.javadoc" value="" />
    <property name="os.name" value="Windows XP" />
    <property name="libs.beans-binding.classpath" value="C:\Programme\NetBeans 6.5\java2\modules\ext\beansbinding-1.2.1.jar" />
    <property name="project.AsynchronousSample" value="../AsynchronousSample" />
    <property name="libs.DataBindingME-SVG.javadoc" value="C:\Programme\NetBeans 6.5\mobility8\modules\docs\netbeans_databindingme_svg-api.zip" />
    <property name="libs.restapi.javadoc" value="C:\Programme\NetBeans 6.5\enterprise5\docs\jsr311-api-doc.zip" />
    <property name="libs.JWSAntTasks.maven-pom" value="" />
    <property name="rave.build" value="thresher-fcs" />
    <property name="libs.restapi.classpath" value="C:\Programme\NetBeans 6.5\enterprise5\modules\ext\rest\jsr311-api.jar" />
    <property name="java.vendor.url.bug" value="http://java.sun.com/cgi-bin/bugreport.cgi" />
    <property name="libs.nsicom-ant-utils.javadoc" value="" />
    <property name="libs.jaxb.maven-pom" value="" />
    <property name="os.arch" value="x86" />
    <property name="user.name" value="Install" />
    <property name="libs.jsf12.javadoc" value="C:\Programme\NetBeans 6.5\enterprise5\docs\javaee5-doc-api.zip" />
    <property name="libs.swing-layout.maven-pom" value="" />
    <property name="sun.java.command" value="org.apache.tools.ant.taskdefs.optional.junit.JUnitTestRunner org.netbeans.modules.compapp.catd.ConfiguredTest filtertrace=true haltOnError=false haltOnFailure=false showoutput=true outputtoformatters=true logtestlistenerevents=true formatter=org.apache.tools.ant.taskdefs.optional.junit.BriefJUnitResultFormatter formatter=org.apache.tools.ant.taskdefs.optional.junit.XMLJUnitResultFormatter,C:\Dokumente und Einstellungen\Install\Eigene Dateien\NetBeansProjects\AsynchronousSample\AsynchronousSampleApplication\test\results\TEST-org.netbeans.modules.compapp.catd.ConfiguredTest.xml crashfile=C:\Dokumente und Einstellungen\Install\Eigene Dateien\NetBeansProjects\AsynchronousSample\AsynchronousSampleApplication\junitvmwatcher3103303677611602860.properties propsfile=C:\Dokumente und Einstellungen\Install\Eigene Dateien\NetBeansProjects\AsynchronousSample\AsynchronousSampleApplication\junit164255583423493256.properties" />
    <property name="build.classes.dir" value="build/jar" />
    <property name="netbeans.accept_license_class" value="org.netbeans.license.AcceptLicense" />
    <property name="enterprise.module.install.dir" value="C:\Programme\NetBeans 6.5\enterprise5\modules" />
    <property name="libs.jaxws21.javadoc" value="C:\Programme\NetBeans 6.5\java2\docs\jaxws-2_1-api-doc.zip" />
    <property name="user.country" value="AT" />
    <property name="libs.jstl11.javadoc" value="C:\Programme\NetBeans 6.5\enterprise5\docs\javaee5-doc-api.zip" />
    <property name="libs.JMUnit4CLDC11.src" value="" />
    <property name="javadoc.encoding" value="" />
    <property name="libs.jsfsupport-designtime.javadoc" value="C:\Programme\NetBeans 6.5\visualweb2\docs\appbase-doc.zip;C:\Programme\NetBeans 6.5\visualweb2\docs\dataprovider-doc.zip;C:\Programme\NetBeans 6.5\visualweb2\docs\jsfcl-doc.zip" />
    <property name="libs.JAVADB_DRIVER_LABEL.src" value="" />
    <property name="libs.bdj-ant-utils.src" value="" />
    <property name="meta.inf" value="src/conf" />
    <property name="netbeans.system_http_non_proxy_hosts" value="" />
    <property name="netbeans.home" value="C:\Programme\NetBeans 6.5\platform9" />
    <property name="build.compiler.emacs" value="true" />
    <property name="libs.ejb3-persistence.src" value="" />
    <property name="libs.nokiaS80-ant-utils.src" value="" />
    <property name="libs.jdbcsupport-runtime.javadoc" value="" />
    <property name="libs.cdc-pp-awt-layout.javadoc" value="" />
    <property name="libs.j2me_ant_ext.classpath" value="C:\Programme\NetBeans 6.5\mobility8\modules\org-netbeans-modules-mobility-antext.jar;C:\Programme\NetBeans 6.5\ide10\modules\org-netbeans-modules-classfile.jar" />
    <property name="java.endorsed.dirs" value="C:\Programme\Java\jdk1.6.0_38\jre\lib\endorsed" />
    <property name="libs.groovy-all.src" value="" />
    <property name="netbeans.dynamic.classpath" value="C:\Programme\NetBeans 6.5\platform9\core\core.jar;C:\Programme\NetBeans 6.5\platform9\core\org-openide-filesystems.jar;C:\Programme\NetBeans 6.5\platform9\core\locale\core_ja.jar;C:\Programme\NetBeans 6.5\platform9\core\locale\core_pt_BR.jar;C:\Programme\NetBeans 6.5\platform9\core\locale\core_zh_CN.jar;C:\Programme\NetBeans 6.5\platform9\core\locale\org-openide-filesystems_ja.jar;C:\Programme\NetBeans 6.5\platform9\core\locale\org-openide-filesystems_pt_BR.jar;C:\Programme\NetBeans 6.5\platform9\core\locale\org-openide-filesystems_zh_CN.jar;C:\Programme\NetBeans 6.5\nb6.5\core\org-netbeans-upgrader.jar;C:\Programme\NetBeans 6.5\nb6.5\core\locale\core_nb.jar;C:\Programme\NetBeans 6.5\nb6.5\core\locale\core_nb_ja.jar;C:\Programme\NetBeans 6.5\nb6.5\core\locale\core_nb_pt_BR.jar;C:\Programme\NetBeans 6.5\nb6.5\core\locale\core_nb_zh_CN.jar;C:\Programme\NetBeans 6.5\nb6.5\core\locale\org-netbeans-upgrader_ja.jar;C:\Programme\NetBeans 6.5\nb6.5\core\locale\org-netbeans-upgrader_pt_BR.jar;C:\Programme\NetBeans 6.5\nb6.5\core\locale\org-netbeans-upgrader_zh_CN.jar" />
    <property name="libs.cdc-agui-swing-layout.maven-pom" value="" />
    <property name="libs.cdc-pp-awt-layout.src" value="C:\Programme\NetBeans 6.5\mobility8\sources\cdc-pp-awt-layout-src.zip" />
    <property name="java.vm.specification.version" value="1.0" />
    <property name="libs.jakarta_slide_ant_webdav.src" value="" />
    <property name="libs.sjmc-ant-utils.maven-pom" value="" />
    <property name="libs.groovy-all.maven-pom" value="" />
    <property name="libs.JMUnit4CLDC10.maven-pom" value="" />
    <property name="libs.hibernate-persistence.classpath" value="C:\Programme\NetBeans 6.5\java2\modules\ext\hibernate\antlr-2.7.6.jar;C:\Programme\NetBeans 6.5\java2\modules\ext\hibernate\asm.jar;C:\Programme\NetBeans 6.5\java2\modules\ext\hibernate\asm-attrs.jar;C:\Programme\NetBeans 6.5\java2\modules\ext\hibernate\cglib-2.1.3.jar;C:\Programme\NetBeans 6.5\java2\modules\ext\hibernate\commons-collections-2.1.1.jar;C:\Programme\NetBeans 6.5\ide10\modules\ext\commons-logging-1.1.jar;C:\Programme\NetBeans 6.5\java2\modules\ext\hibernate\dom4j-1.6.1.jar;C:\Programme\NetBeans 6.5\java2\modules\ext\hibernate\ehcache-1.2.3.jar;C:\Programme\NetBeans 6.5\java2\modules\ext\hibernate\jdbc2_0-stdext.jar;C:\Programme\NetBeans 6.5\java2\modules\ext\hibernate\jta.jar;C:\Programme\NetBeans 6.5\java2\modules\ext\hibernate\hibernate3.jar;C:\Programme\NetBeans 6.5\java2\modules\ext\hibernate\hibernate-tools.jar;C:\Programme\NetBeans 6.5\java2\modules\ext\hibernate\hibernate-annotations.jar;C:\Programme\NetBeans 6.5\java2\modules\ext\hibernate\hibernate-commons-annotations.jar;C:\Programme\NetBeans 6.5\java2\modules\ext\hibernate\hibernate-entitymanager.jar;C:\Programme\NetBeans 6.5\java2\modules\ext\hibernate\javassist.jar;C:\Programme\NetBeans 6.5\java2\modules\ext\hibernate\ejb3-persistence.jar" />
    <property name="libs.jaxws21.src" value="" />
    <property name="platforms.Sun_Java_TM__Wireless_Toolkit_2_5_2_for_CLDC.preverifycommandline" value="" />
    <property name="libs.swing-app-framework.classpath" value="C:\Programme\NetBeans 6.5\java2\modules\ext\appframework-1.0.3.jar;C:\Programme\NetBeans 6.5\java2\modules\ext\swing-worker-1.1.jar" />
    <property name="libs.jakarta_slide_ant_webdav.classpath" value="C:\Programme\NetBeans 6.5\mobility8\modules\ext\commons-httpclient-3.0.1.jar;C:\Programme\NetBeans 6.5\ide10\modules\ext\commons-logging-1.1.jar;C:\Programme\NetBeans 6.5\mobility8\modules\ext\jdom-1.0.jar;C:\Programme\NetBeans 6.5\mobility8\modules\ext\jakarta-slide-webdavlib-2.1.jar;C:\Programme\NetBeans 6.5\mobility8\modules\ext\jakarta-slide-ant-webdav-2.1.jar" />
    <property name="org.netbeans.core.startup.specialResource" value="nullcom.sun.jdo.api.persistence.mapping.ejb" />
    <property name="java.vendor" value="Sun Microsystems Inc." />
    <property name="libs.JMUnit4CLDC10.src" value="" />
    <property name="javac.debug" value="true" />
    <property name="javadoc.splitindex" value="true" />
    <property name="file.separator" value="\" />
    <property name="libs.IdentityAntTasks.src" value="" />
    <property name="libs.ActiveSync.classpath" value="C:\Programme\NetBeans 6.5\mobility8\modules\ext\nbactivesync-5.0.jar" />
    <property name="platforms.Sun_Java_TM__Wireless_Toolkit_2_5_2_for_CLDC.home" value="C:\Programme\NetBeans 6.5\mobility8\WTK2.5.2" />
    <property name="libs.junit_4.maven-pom" value="" />
    <property name="netbeans.buildnumber" value="200811100001" />
    <property name="libs.JWSAntTasks.javadoc" value="" />
    <property name="user.variant" value="" />
    <property name="libs.webui-runtime.classpath" value="C:\Programme\NetBeans 6.5\visualweb2\modules\ext\webui.jar;C:\Programme\NetBeans 6.5\enterprise5\modules\ext\commons-fileupload-1.0.jar" />
    <property name="sun.java.launcher" value="SUN_STANDARD" />
    <property name="libs.junit.classpath" value="C:\Programme\NetBeans 6.5\java2\modules\ext\junit-3.8.2.jar" />
    <property name="libs.jaxb.javadoc" value="" />
    <property name="libs.struts.classpath" value="C:\Programme\NetBeans 6.5\enterprise5\modules\ext\struts\antlr.jar;C:\Programme\NetBeans 6.5\enterprise5\modules\ext\struts\commons-beanutils.jar;C:\Programme\NetBeans 6.5\enterprise5\modules\ext\struts\commons-digester.jar;C:\Programme\NetBeans 6.5\enterprise5\modules\ext\struts\commons-logging.jar;C:\Programme\NetBeans 6.5\enterprise5\modules\ext\struts\commons-validator.jar;C:\Programme\NetBeans 6.5\enterprise5\modules\ext\struts\jakarta-oro.jar;C:\Programme\NetBeans 6.5\enterprise5\modules\ext\struts\struts.jar;C:\Programme\NetBeans 6.5\enterprise5\modules\ext\commons-fileupload-1.0.jar" />
    <property name="libs.woodstock-theme-default.classpath" value="C:\Programme\NetBeans 6.5\visualweb2\modules\ext\webui-jsf-suntheme.jar" />
    <property name="ant.home" value="C:\Programme\NetBeans 6.5\java2\ant" />
    <property name="libs.junit_4.src" value="C:\Programme\NetBeans 6.5\java2\docs\junit-4.5-src.jar" />
    <property name="libs.ricoh-ant-utils.maven-pom" value="" />
    <property name="libs.absolutelayout.maven-pom" value="" />
    <property name="ant.java.version" value="1.6" />
    <property name="java.library.path" value="C:\Programme\Java\jdk1.6.0_38\jre\bin;C:\WINDOWS\Sun\Java\bin;C:\WINDOWS\system32;C:\WINDOWS;C:\WINDOWS\system32;C:\WINDOWS;C:\WINDOWS\System32\Wbem;C:\Programme\ATI Technologies\ATI Control Panel;C:\Programme\Git\cmd;." />
    <property name="javadoc.author" value="false" />
    <property name="libs.IdentityAntTasks.classpath" value="C:\Programme\NetBeans 6.5\identity2\ant\nblib\org-netbeans-modules-identity-ant.jar;C:\Programme\NetBeans 6.5\identity2\modules\org-netbeans-modules-identity-profile-api.jar" />
    <property name="java.util.logging.config.class" value="org.netbeans.core.startup.TopLogging" />
    <property name="libs.PostgreSQLDriver.src" value="" />
    <property name="sun.arch.data.model" value="32" />
    <property name="basedir" value="C:\Dokumente und Einstellungen\Install\Eigene Dateien\NetBeansProjects\AsynchronousSample\AsynchronousSampleApplication" />
    <property name="libs.ActiveSync.src" value="" />
    <property name="jar.compress" value="false" />
    <property name="libs.NetBeans MIDP Components PDA.src" value="C:\Programme\NetBeans 6.5\mobility8\sources\netbeans_midp_components_pda-src.zip" />
    <property name="libs.jstl11.classpath" value="C:\Programme\NetBeans 6.5\enterprise5\modules\ext\standard.jar;C:\Programme\NetBeans 6.5\enterprise5\modules\ext\jstl.jar" />
    <property name="path.separator" value=";" />
    <property name="com.sun.aas.installRoot" value="C:\Programme\glassfish-v2ur2" />
    <property name="sun.io.unicode.encoding" value="UnicodeLittle" />
    <property name="libs.semc-ant-utils.javadoc" value="" />
    <property name="libs.jaxws21.classpath" value="C:\Programme\NetBeans 6.5\ide10\modules\ext\jaxb\activation.jar;C:\Programme\NetBeans 6.5\ide10\modules\ext\jaxb\api\jaxb-api.jar;C:\Programme\NetBeans 6.5\ide10\modules\ext\jaxb\jaxb-impl.jar;C:\Programme\NetBeans 6.5\ide10\modules\ext\jaxb\jaxb-xjc.jar;C:\Programme\NetBeans 6.5\ide10\modules\ext\jaxb\api\jsr173_api.jar;C:\Programme\NetBeans 6.5\java2\modules\ext\jaxws21\FastInfoset.jar;C:\Programme\NetBeans 6.5\java2\modules\ext\jaxws21\http.jar;C:\Programme\NetBeans 6.5\java2\modules\ext\jaxws21\api\jaxws-api.jar;C:\Programme\NetBeans 6.5\java2\modules\ext\jaxws21\jaxws-rt.jar;C:\Programme\NetBeans 6.5\java2\modules\ext\jaxws21\jaxws-tools.jar;C:\Programme\NetBeans 6.5\java2\modules\ext\jaxws21\api\jsr181-api.jar;C:\Programme\NetBeans 6.5\java2\modules\ext\jaxws21\api\jsr250-api.jar;C:\Programme\NetBeans 6.5\java2\modules\ext\jaxws21\mimepull.jar;C:\Programme\NetBeans 6.5\java2\modules\ext\jaxws21\resolver.jar;C:\Programme\NetBeans 6.5\java2\modules\ext\jaxws21\api\saaj-api.jar;C:\Programme\NetBeans 6.5\java2\modules\ext\jaxws21\saaj-impl.jar;C:\Programme\NetBeans 6.5\java2\modules\ext\jaxws21\sjsxp.jar;C:\Programme\NetBeans 6.5\java2\modules\ext\jaxws21\stax-ex.jar;C:\Programme\NetBeans 6.5\java2\modules\ext\jaxws21\streambuffer.jar" />
    <property name="libs.struts.src" value="" />
    <property name="user.language" value="de" />
    <property name="libs.dojo.scriptpath" value="C:\Programme\NetBeans 6.5\webcommon1\modules\ext\javascript\dojo-1.1.1.zip" />
    <property name="ant.file." value="C:\Dokumente und Einstellungen\Install\Eigene Dateien\NetBeansProjects\AsynchronousSample\AsynchronousSampleApplication\build.xml" />
    <property name="libs.spring-framework.classpath" value="C:\Programme\NetBeans 6.5\ide10\modules\ext\commons-logging-1.1.jar;C:\Programme\NetBeans 6.5\java2\modules\ext\cglib-2.2.jar;C:\Programme\NetBeans 6.5\java2\modules\ext\spring\spring-2.5.jar" />
    <property name="useJavaUtilZip" value="true" />
    <property name="libs.swing-layout.javadoc" value="C:\Programme\NetBeans 6.5\platform9\docs\swing-layout-1.0.3-doc.zip" />
    <property name="libs.swing-app-framework.javadoc" value="C:\Programme\NetBeans 6.5\java2\docs\appframework-1.0.3-doc.zip" />
    <property name="libs.ejb3-persistence.maven-pom" value="" />
    <property name="libs.proguard.classpath" value="C:\Programme\NetBeans 6.5\mobility8\external\proguard\proguard4.2.jar" />
    <property name="libs.DataBindingME-SVG.classpath" value="C:\Programme\NetBeans 6.5\mobility8\modules\ext\netbeans_databindingme_svg.jar" />
    <property name="https.nonProxyHosts" value="localhost|127.0.0.1|mobiloppression" />
    <property name="libs.PostgreSQLDriver.maven-pom" value="" />
    <property name="java.class.version" value="50.0" />
    <property name="libs.JAVADB_DRIVER_LABEL.classpath" value="C:\Programme\glassfish-v2ur2\javadb\lib\derby.jar;C:\Programme\glassfish-v2ur2\javadb\lib\derbyclient.jar;C:\Programme\glassfish-v2ur2\javadb\lib\derbynet.jar" />
    <property name="libs.cdc-ant-utils.classpath" value="C:\Programme\NetBeans 6.5\mobility8\modules\ext\org-netbeans-modules-j2me-cdc-project.jar" />
    <property name="netbeans.system_http_proxy" value="DIRECT" />
    <property name="libs.NetBeans MIDP Components WMA.maven-pom" value="" />
    <property name="user.properties.file" value="C:\Dokumente und Einstellungen\Install\.netbeans\6.5\build.properties" />
    <property name="platforms.Sun_Java_TM__Wireless_Toolkit_2_5_2_for_CLDC.runcommandline" value="" />
    <property name="libs.spring-framework.src" value="" />
    <property name="libs.javac-api.maven-pom" value="" />
    <property name="file.encoding.pkg" value="sun.io" />
    <property name="sun.cpu.endian" value="little" />
    <property name="libs.JWSAntTasks.classpath" value="C:\Programme\NetBeans 6.5\java2\ant\extra\org-netbeans-modules-javawebstart-anttasks.jar" />
    <property name="libs.ant-contrib.classpath" value="C:\Programme\NetBeans 6.5\mobility8\modules\ext\ant-contrib-1.0b3.jar" />
    <property name="libs.jsfsupport-designtime.classpath" value="C:\Programme\NetBeans 6.5\visualweb2\modules\ext\jsfcl.jar;C:\Programme\NetBeans 6.5\visualweb2\modules\ext\appbase.jar;C:\Programme\NetBeans 6.5\visualweb2\modules\ext\dataprovider.jar;C:\Programme\NetBeans 6.5\visualweb2\modules\ext\sqlx.jar" />
    <property name="libs.scriptaculous.scriptpath" value="C:\Programme\NetBeans 6.5\webcommon1\modules\ext\javascript\scriptaculous-js-1.8.1.zip" />
    <property name="javadoc.preview" value="true" />
    <property name="nbplatform.default.harness.dir" value="C:\Programme\NetBeans 6.5/harness" />
    <property name="java.home" value="C:\Programme\Java\jdk1.6.0_38\jre" />
    <property name="libs.ricoh-ant-utils.src" value="" />
    <property name="libs.spring-webmvc.src" value="" />
    <property name="libs.ant-contrib.javadoc" value="" />
    <property name="netbeans.importclass" value="org.netbeans.upgrade.AutoUpgrade" />
    <property name="libs.webui-designtime.src" value="C:\Programme\NetBeans 6.5\visualweb2\docs\webui-src.zip" />
    <property name="org.openide.TopManager" value="org.netbeans.core.NonGui" />
    <property name="libs.savaje-ant-utils.classpath" value="C:\Programme\NetBeans 6.5\mobility8\modules\ext\org-netbeans-modules-j2me-cdc-project-savaje.jar" />
    <property name="libs.toplink.maven-pom" value="" />
    <property name="libs.DataBindingME.maven-pom" value="" />
    <property name="libs.PostgreSQLDriver.javadoc" value="" />
    <property name="libs.restlib.classpath" value="C:\Programme\NetBeans 6.5\enterprise5\modules\ext\rest\jersey.jar;C:\Programme\NetBeans 6.5\enterprise5\modules\ext\rest\http.jar;C:\Programme\NetBeans 6.5\enterprise5\modules\ext\rest\wadl2java.jar;C:\Programme\NetBeans 6.5\enterprise5\modules\ext\rest\rome-0.9.jar;C:\Programme\NetBeans 6.5\enterprise5\modules\ext\rest\jdom-1.0.jar;C:\Programme\NetBeans 6.5\enterprise5\modules\ext\rest\jettison-1.0-RC1.jar;C:\Programme\NetBeans 6.5\enterprise5\modules\ext\rest\asm-3.1.jar;C:\Programme\NetBeans 6.5\enterprise5\modules\ext\rest\grizzly-servlet-webserver-1.7.3.2.jar;C:\Programme\NetBeans 6.5\enterprise5\modules\ext\rest\jersey-spring.jar;C:\Programme\NetBeans 6.5\ide10\modules\ext\jaxb\activation.jar;C:\Programme\NetBeans 6.5\ide10\modules\ext\jaxb\api\jaxb-api.jar;C:\Programme\NetBeans 6.5\ide10\modules\ext\jaxb\jaxb-impl.jar;C:\Programme\NetBeans 6.5\ide10\modules\ext\jaxb\jaxb-xjc.jar;C:\Programme\NetBeans 6.5\ide10\modules\ext\jaxb\api\jsr173_api.jar" />
    <property name="libs.exceptionhandler-runtime.javadoc" value="" />
    <property name="libs.JMUnit4CLDC11.javadoc" value="C:\Programme\NetBeans 6.5\mobility8\modules\docs\jmunit-1.2.1-api.zip" />
    <property name="jbi.service-unit.description" value="Represents this Service Unit" />
    <property name="libs.nsicom-ant-utils.maven-pom" value="" />
    <property name="libs.jsfsupport-runtime.classpath" value="C:\Programme\NetBeans 6.5\visualweb2\modules\ext\jsfcl.jar;C:\Programme\NetBeans 6.5\visualweb2\modules\ext\appbase.jar;C:\Programme\NetBeans 6.5\visualweb2\modules\ext\dataprovider.jar;C:\Programme\NetBeans 6.5\visualweb2\modules\ext\sqlx.jar" />
    <property name="libs.MySQLDriver.maven-pom" value="" />
    <property name="libs.savaje-ant-utils.src" value="" />
    <property name="http.nonProxyHosts" value="localhost|127.0.0.1|mobiloppression" />
    <property name="libs.junit_4.javadoc" value="C:\Programme\NetBeans 6.5\java2\docs\junit-4.5-api.zip" />
    <property name="libs.spring-webmvc.javadoc" value="" />
    <property name="libs.toplink.src" value="" />
    <property name="test.results.dir" value="C:\Dokumente und Einstellungen\Install\Eigene Dateien\NetBeansProjects\AsynchronousSample\AsynchronousSampleApplication/test/results" />
    <property name="libs.cdc-pp-awt-layout.classpath" value="C:\Programme\NetBeans 6.5\mobility8\modules\ext\cdc-pp-awt-layout.jar" />
    <property name="libs.webui.javadoc" value="C:\Programme\NetBeans 6.5\visualweb2\docs\webui-doc.zip" />
    <property name="libs.cdc-agui-swing-layout.src" value="C:\Programme\NetBeans 6.5\mobility8\sources\cdc-agui-swing-layout-src.zip" />
    <property name="libs.jsf12-support.javadoc" value="C:\Programme\NetBeans 6.5\visualweb2\docs\appbase-doc.zip;C:\Programme\NetBeans 6.5\visualweb2\docs\dataprovider-doc.zip;C:\Programme\NetBeans 6.5\visualweb2\docs\jsfcl-doc.zip" />
    <property name="libs.hibernate-support.src" value="" />
    <property name="libs.theme-default.runtime" value="C:\Programme\NetBeans 6.5\visualweb2\modules\ext\defaulttheme.jar" />
    <property name="libs.JMUnit4CLDC11.classpath" value="C:\Programme\NetBeans 6.5\mobility8\modules\ext\jmunit4cldc11-1.2.1.jar" />
    <property name="libs.nb_svg_midp_components.classpath" value="C:\Programme\NetBeans 6.5\mobility8\modules\ext\nb_svg_midp_components.jar" />
    <property name="libs.NetBeans MIDP Components PDA.classpath" value="C:\Programme\NetBeans 6.5\mobility8\modules\ext\netbeans_midp_components_pda.jar" />
    <property name="libs.semc-ant-utils.maven-pom" value="" />
    <property name="libs.jdbcsupport-runtime.maven-pom" value="" />
    <property name="libs.nokiadeployment.maven-pom" value="" />
    <property name="libs.restapi.src" value="" />
    <property name="libs.NetBeans MIDP Components.javadoc" value="C:\Programme\NetBeans 6.5\mobility8\modules\docs\netbeans_midp_components_basic-api.zip" />
    <property name="sun.management.compiler" value="HotSpot Client Compiler" />
    <property name="javac.deprecation" value="false" />
    <property name="javadoc.use" value="true" />
    <property name="libs.jdbcsupport-runtime.src" value="" />
    <property name="libs.jdbcsupport-designtime.maven-pom" value="" />
    <property name="libs.theme-default-gray.classpath" value="C:\Programme\NetBeans 6.5\visualweb2\modules\ext\defaulttheme-gray.jar" />
    <property name="sun.java2d.noddraw" value="true" />
    <property name="platforms.Sun_Java_TM__Wireless_Toolkit_2_5_2_for_CLDC.type" value="UEI-1.0.1" />
    <property name="libs.spring-webmvc.classpath" value="C:\Programme\NetBeans 6.5\enterprise5\modules\ext\spring\spring-webmvc-2.5.jar" />
    <property name="ant.file" value="C:\Dokumente und Einstellungen\Install\Eigene Dateien\NetBeansProjects\AsynchronousSample\AsynchronousSampleApplication\build.xml" />
    <property name="libs.beans-binding.maven-pom" value="" />
    <property name="libs.bdj-ant-utils.classpath" value="C:\Programme\NetBeans 6.5\mobility8\modules\ext\org-netbeans-modules-j2me-cdc-project-bdj.jar;C:\Programme\NetBeans 6.5\mobility8\modules\ext\security.jar;C:\Programme\NetBeans 6.5\mobility8\modules\ext\bdjo.jar;C:\Programme\NetBeans 6.5\mobility8\modules\ext\bcprov-jdk15-139.jar" />
    <property name="libs.jsf12.classpath" value="C:\Programme\NetBeans 6.5\enterprise5\modules\ext\jsf-1_2\commons-beanutils.jar;C:\Programme\NetBeans 6.5\enterprise5\modules\ext\jsf-1_2\commons-collections.jar;C:\Programme\NetBeans 6.5\enterprise5\modules\ext\jsf-1_2\commons-digester.jar;C:\Programme\NetBeans 6.5\enterprise5\modules\ext\jsf-1_2\commons-logging.jar;C:\Programme\NetBeans 6.5\enterprise5\modules\ext\jsf-1_2\jsf-api.jar;C:\Programme\NetBeans 6.5\enterprise5\modules\ext\jsf-1_2\jsf-impl.jar" />
    <property name="sun.awt.exception.handler" value="org.netbeans.core.startup.TopLogging$AWTHandler" />
    <property name="libs.restapi.maven-pom" value="" />
    <property name="libs.beans-binding.src" value="" />
    <property name="libs.NetBeans MIDP Components PDA.javadoc" value="C:\Programme\NetBeans 6.5\mobility8\modules\docs\netbeans_midp_components_pda-api.zip" />
    <property name="java.vm.specification.vendor" value="Sun Microsystems Inc." />
    <property name="libs.DataBindingME-PIM.javadoc" value="C:\Programme\NetBeans 6.5\mobility8\modules\docs\netbeans_databindingme_pim-api.zip" />
    <property name="libs.swing-layout.src" value="C:\Programme\NetBeans 6.5\platform9\docs\swing-layout-1.0.3-src.zip" />
    <property name="libs.webui.src" value="C:\Programme\NetBeans 6.5\visualweb2\docs\webui-src.zip" />
    <property name="libs.j2me_ant_ext.src" value="" />
    <property name="org.openide.major.version" value="IDE/1" />
    <property name="java.vm.name" value="Java HotSpot(TM) Client VM" />
    <property name="netbeans.user" value="C:\Dokumente und Einstellungen\Install\.netbeans\6.5" />
    <property name="libs.ricoh-ant-utils.classpath" value="C:\Programme\NetBeans 6.5\mobility8\modules\ext\org-netbeans-modules-j2me-cdc-project-ricoh.jar;C:\Programme\NetBeans 6.5\mobility8\modules\ext\RicohAntTasks-2.0.jar;C:\Programme\NetBeans 6.5\mobility8\modules\ext\commons-httpclient-3.0.jar;C:\Programme\NetBeans 6.5\ide10\modules\ext\commons-logging-1.1.jar;C:\Programme\NetBeans 6.5\mobility8\modules\ext\commons-codec-1.3.jar" />
    <property name="java.io.tmpdir" value="C:\DOKUME~1\Install\LOKALE~1\Temp\" />
    <property name="java.vendor.url" value="http://java.sun.com/" />
    <property name="libs.prototype.scriptpath" value="C:\Programme\NetBeans 6.5\webcommon1\modules\ext\javascript\prototype-1.6.0.2.zip" />
    <property name="jspc.classpath" value="C:\Programme\NetBeans 6.5\java2\ant\lib\ant.jar:C:\Programme\NetBeans 6.5\enterprise5\modules\ext\servlet2.5-jsp2.1-api.jar:${j2ee.platform.classpath}:C:\Programme\NetBeans 6.5\enterprise5\modules\ext\glassfish-jspparser-2.0.jar:C:\Programme\NetBeans 6.5\enterprise5\modules\ext\glassfish-logging-2.0.jar:C:\Programme\NetBeans 6.5\ide10\modules\ext\commons-logging-1.1.jar:C:\Programme\NetBeans 6.5\java2\ant\lib\ant-launcher.jar" />
    <property name="libs.jsf-extensions.src" value="" />
    <property name="sun.boot.library.path" value="C:\Programme\Java\jdk1.6.0_38\jre\bin" />
    <property name="debug.classpath" value="${javac.classpath}:build/jar" />
    <property name="libs.woodstock-theme-default.runtime" value="C:\Programme\NetBeans 6.5\visualweb2\modules\ext\webui-jsf-suntheme.jar" />
    <property name="javadoc.private" value="false" />
    <property name="libs.bdj-ant-utils.javadoc" value="" />
    <property name="src.build.dir" value="src/jbiServiceUnits" />
    <property name="libs.DataBindingME-SVG.src" value="" />
    <property name="dist.jar" value="dist/AsynchronousSampleApplication.zip" />
    <property name="resource.AsynchronousSample" value="../AsynchronousSample/setup" />
    <property name="java.runtime.name" value="Java(TM) SE Runtime Environment" />
    <property name="ant.project.name" value="" />
    <property name="libs.jdbcsupport-designtime.javadoc" value="" />
    <property name="libs.j2me_ant_ext.maven-pom" value="" />
    <property name="sun.cpu.isalist" value="" />
    <property name="libs.CopyLibs.javadoc" value="" />
    <property name="libs.ActiveSync.javadoc" value="" />
    <property name="org.openide.specification.version" value="6.2" />
    <property name="libs.DataBindingME-PIM.classpath" value="C:\Programme\NetBeans 6.5\mobility8\modules\ext\netbeans_databindingme_pim.jar" />
    <property name="libs.hibernate-support.classpath" value="C:\Programme\NetBeans 6.5\java2\modules\ext\hibernate\antlr-2.7.6.jar;C:\Programme\NetBeans 6.5\java2\modules\ext\hibernate\asm.jar;C:\Programme\NetBeans 6.5\java2\modules\ext\hibernate\asm-attrs.jar;C:\Programme\NetBeans 6.5\java2\modules\ext\hibernate\cglib-2.1.3.jar;C:\Programme\NetBeans 6.5\java2\modules\ext\hibernate\commons-collections-2.1.1.jar;C:\Programme\NetBeans 6.5\ide10\modules\ext\commons-logging-1.1.jar;C:\Programme\NetBeans 6.5\java2\modules\ext\hibernate\dom4j-1.6.1.jar;C:\Programme\NetBeans 6.5\java2\modules\ext\hibernate\ehcache-1.2.3.jar;C:\Programme\NetBeans 6.5\java2\modules\ext\hibernate\jdbc2_0-stdext.jar;C:\Programme\NetBeans 6.5\java2\modules\ext\hibernate\jta.jar;C:\Programme\NetBeans 6.5\java2\modules\ext\hibernate\hibernate3.jar;C:\Programme\NetBeans 6.5\java2\modules\ext\hibernate\hibernate-tools.jar;C:\Programme\NetBeans 6.5\java2\modules\ext\hibernate\hibernate-annotations.jar;C:\Programme\NetBeans 6.5\java2\modules\ext\hibernate\hibernate-commons-annotations.jar;C:\Programme\NetBeans 6.5\java2\modules\ext\hibernate\hibernate-entitymanager.jar;C:\Programme\NetBeans 6.5\java2\modules\ext\hibernate\javassist.jar" />
    <property name="user.home" value="C:\Dokumente und Einstellungen\Install" />
    <property name="libs.exceptionhandler-runtime.classpath" value="C:\Programme\NetBeans 6.5\visualweb2\modules\ext\errorhandler.jar" />
    <property name="libs.NetBeans MIDP Components.classpath" value="C:\Programme\NetBeans 6.5\mobility8\modules\ext\netbeans_midp_components_basic.jar" />
    <property name="com.sun.jbi.routing" value="true" />
    <property name="libs.JWSAntTasks.src" value="" />
    <property name="libs.CopyLibs.maven-pom" value="" />
    <property name="libs.hibernate-persistence.maven-pom" value="" />
    <property name="libs.absolutelayout.javadoc" value="" />
    <property name="java.specification.name" value="Java Platform API Specification" />
    <property name="libs.webui.classpath" value="C:\Programme\NetBeans 6.5\visualweb2\modules\ext\webui.jar;C:\Programme\NetBeans 6.5\enterprise5\modules\ext\commons-fileupload-1.0.jar" />
    <property name="libs.swing-app-framework.maven-pom" value="" />
    <property name="libs.jakarta_slide_ant_webdav.maven-pom" value="" />
    <property name="libs.NetBeans MIDP Components WMA.classpath" value="C:\Programme\NetBeans 6.5\mobility8\modules\ext\netbeans_midp_components_wma.jar" />
    <property name="libs.yahooui.scriptpath" value="C:\Programme\NetBeans 6.5\webcommon1\modules\ext\javascript\yui-2.5.2.zip" />
    <property name="libs.woodstock-components.classpath" value="C:\Programme\NetBeans 6.5\visualweb2\modules\ext\webui-jsf.jar;C:\Programme\NetBeans 6.5\enterprise5\modules\ext\commons-fileupload-1.0.jar;C:\Programme\NetBeans 6.5\visualweb2\modules\ext\json-2.jar;C:\Programme\NetBeans 6.5\visualweb2\modules\ext\jsf-extensions-common-0.1.jar;C:\Programme\NetBeans 6.5\visualweb2\modules\ext\jsf-extensions-dynamic-faces-0.1.jar" />
    <property name="ide.module.install.dir" value="C:\Programme\NetBeans 6.5\ide10\modules" />
    <property name="libs.sjmc-ant-utils.src" value="" />
    <property name="libs.jsf-extensions.javadoc" value="" />
    <property name="libs.jsf-extensions.classpath" value="C:\Programme\NetBeans 6.5\visualweb2\modules\ext\jsf-extensions-dynamic-faces-0.1.jar;C:\Programme\NetBeans 6.5\visualweb2\modules\ext\jsf-extensions-common-0.1.jar;C:\Programme\NetBeans 6.5\enterprise5\modules\ext\jsf-1_2\commons-logging.jar;C:\Programme\NetBeans 6.5\enterprise5\modules\ext\shale-remoting-1.0.4.jar" />
    <property name="libs.cdc-agui-swing-layout.javadoc" value="" />
    <property name="java.specification.vendor" value="Sun Microsystems Inc." />
    <property name="libs.jdbcsupport-designtime.src" value="" />
    <property name="libs.javac-api.classpath" value="C:\Programme\NetBeans 6.5\java2\modules\ext\javac-api-nb-7.0-b07.jar" />
    <property name="libs.nokiaS80-ant-utils.classpath" value="C:\Programme\NetBeans 6.5\mobility8\modules\ext\org-netbeans-modules-j2me-cdc-project-nokiaS80.jar" />
    <property name="java.version" value="1.6.0_38-ea" />
    <property name="javadoc.version" value="false" />
    <property name="libs.NetBeans MIDP Components WMA.javadoc" value="C:\Programme\NetBeans 6.5\mobility8\modules\docs\netbeans_midp_components_wma-api.zip" />
    <property name="libs.MySQLDriver.javadoc" value="" />
    <property name="org.openide.version" value="deprecated" />
    <property name="ant.file.AsynchronousSampleApplication-jbi-impl" value="C:\Dokumente und Einstellungen\Install\Eigene Dateien\NetBeansProjects\AsynchronousSample\AsynchronousSampleApplication\nbproject\build-impl.xml" />
    <property name="source.encoding" value="UTF-8" />
    <property name="libs.ActiveSync.maven-pom" value="" />
    <property name="libs.junit.maven-pom" value="" />
    <property name="libs.jsf12-support.src" value="C:\Programme\NetBeans 6.5\visualweb2\docs\appbase-src.zip;C:\Programme\NetBeans 6.5\visualweb2\docs\dataprovider-src.zip;C:\Programme\NetBeans 6.5\visualweb2\docs\jsfcl-src.zip" />
    <property name="libs.struts.maven-pom" value="" />
    <property name="netbeans.home+have.tests" value="true" />
    <property name="NetBeansUserDir" value="C:\Dokumente und Einstellungen\Install\.netbeans\6.5" />
    <property name="test.dir" value="test" />
    <property name="libs.jaxb.src" value="" />
    <property name="libs.IdentityAntTasks.maven-pom" value="" />
    <property name="libs.cdc-ant-utils.src" value="" />
    <property name="libs.jaxb.classpath" value="C:\Programme\NetBeans 6.5\ide10\modules\ext\jaxb\activation.jar;C:\Programme\NetBeans 6.5\ide10\modules\ext\jaxb\api\jaxb-api.jar;C:\Programme\NetBeans 6.5\ide10\modules\ext\jaxb\jaxb-impl.jar;C:\Programme\NetBeans 6.5\ide10\modules\ext\jaxb\jaxb-xjc.jar;C:\Programme\NetBeans 6.5\ide10\modules\ext\jaxb\api\jsr173_api.jar" />
    <property name="dist.javadoc.dir" value="dist/javadoc" />
    <property name="libs.swing-layout.classpath" value="C:\Programme\NetBeans 6.5\platform9\modules\ext\swing-layout-1.0.3.jar" />
    <property name="libs.restlib.src" value="" />
    <property name="javac.source" value="1.4" />
    <property name="build.generated.dir" value="build/generated" />
    <property name="libs.proguard.src" value="" />
    <property name="libs.hibernate-persistence.src" value="" />
    <property name="line.separator" value="
" />
    <property name="libs.nb_svg_midp_components.javadoc" value="C:\Programme\NetBeans 6.5\mobility8\modules\docs\nb_svg_midp_components-api.zip" />
    <property name="java.specification.version" value="1.6" />
    <property name="java.vm.info" value="mixed mode, sharing" />
    <property name="libs.jaxws21.maven-pom" value="" />
    <property name="libs.cdc-ant-utils.javadoc" value="" />
    <property name="libs.jsf12-support.classpath" value="C:\Programme\NetBeans 6.5\visualweb2\modules\ext\jsfcl.jar;C:\Programme\NetBeans 6.5\visualweb2\modules\ext\appbase.jar;C:\Programme\NetBeans 6.5\visualweb2\modules\ext\dataprovider.jar;C:\Programme\NetBeans 6.5\visualweb2\modules\ext\sqlx.jar" />
    <property name="libs.spring-framework.maven-pom" value="" />
    <property name="sun.boot.class.path" value="C:\Programme\Java\jdk1.6.0_38\jre\lib\resources.jar;C:\Programme\Java\jdk1.6.0_38\jre\lib\rt.jar;C:\Programme\Java\jdk1.6.0_38\jre\lib\sunrsasign.jar;C:\Programme\Java\jdk1.6.0_38\jre\lib\jsse.jar;C:\Programme\Java\jdk1.6.0_38\jre\lib\jce.jar;C:\Programme\Java\jdk1.6.0_38\jre\lib\charsets.jar;C:\Programme\Java\jdk1.6.0_38\jre\lib\modules\jdk.boot.jar;C:\Programme\Java\jdk1.6.0_38\jre\classes" />
    <property name="libs.woodstock-components.javadoc" value="C:\Programme\NetBeans 6.5\visualweb2\docs\webui-jsf-doc.zip;C:\Programme\NetBeans 6.5\visualweb2\docs\webui-jsf-tld.zip" />
    <property name="javac.target" value="1.4" />
    <property name="src.dir" value="src/jbiasa" />
    <property name="libs.IdentityAntTasks.javadoc" value="" />
    <property name="sun.awt.keepWorkingSetOnMinimize" value="true" />
    <property name="libs.proguard.maven-pom" value="" />
    <property name="libs.DataBindingME-SVG.maven-pom" value="" />
    <property name="libs.jsf12.src" value="" />
    <property name="libs.nokiadeployment.src" value="" />
    <property name="j2ee.platform" value="1.4" />
    <property name="libs.savaje-ant-utils.javadoc" value="" />
    <property name="libs.JAVADB_DRIVER_LABEL.maven-pom" value="" />
    <property name="nbplatform.default.netbeans.dest.dir" value="C:\Programme\NetBeans 6.5" />
    <property name="libs.struts.javadoc" value="C:\Programme\NetBeans 6.5\enterprise5\docs\struts-1.2.9-javadoc.zip" />
    <property name="platforms.Sun_Java_TM__Wireless_Toolkit_2_5_2_for_CLDC.debugcommandline" value="" />
    <property name="libs.cdc-ant-utils.maven-pom" value="" />
    <property name="jspctask.classpath" value="C:\Programme\NetBeans 6.5\enterprise5\ant\extra\jspcompile.jar" />
    <property name="libs.cdc-agui-swing-layout.classpath" value="C:\Programme\NetBeans 6.5\mobility8\modules\ext\cdc-agui-swing-layout.jar" />
    <property name="libs.webui-designtime.classpath" value="C:\Programme\NetBeans 6.5\visualweb2\modules\ext\webui.jar;C:\Programme\NetBeans 6.5\enterprise5\modules\ext\commons-fileupload-1.0.jar" />
    <property name="dist.dir" value="dist" />
    <property name="libs.groovy-all.javadoc" value="" />
    <property name="inDebug" value="${inDebug}" />
    <property name="libs.groovy-all.classpath" value="C:\Programme\NetBeans 6.5\groovy1\modules\ext\groovy-all.jar" />
    <property name="libs.sjmc-ant-utils.classpath" value="C:\Programme\NetBeans 6.5\mobility8\modules\ext\org-netbeans-modules-j2me-cdc-project-sjmc.jar" />
    <property name="java.awt.printerjob" value="sun.awt.windows.WPrinterJob" />
    <property name="libs.JMUnit4CLDC10.classpath" value="C:\Programme\NetBeans 6.5\mobility8\modules\ext\jmunit4cldc10-1.2.1.jar" />
    <property name="default.javac.source" value="1.6" />
    <property name="sun.jnu.encoding" value="Cp1252" />
    <property name="libs.MySQLDriver.src" value="" />
    <property name="jbi.service-assembly.id" value="AsynchronousSampleApplication" />
    <property name="libs.ant-contrib.maven-pom" value="" />
    <property name="libs.woodstock-components.src" value="C:\Programme\NetBeans 6.5\visualweb2\docs\webui-jsf-src.zip" />
    <property name="libs.nokiadeployment.javadoc" value="" />
    <property name="java.runtime.version" value="1.6.0_38-ea-b04" />
    <property name="libs.ejb3-persistence.javadoc" value="" />
    <property name="libs.NetBeans MIDP Components.src" value="C:\Programme\NetBeans 6.5\mobility8\sources\netbeans_midp_components_basic-src.zip" />
    <property name="libs.sjmc-ant-utils.javadoc" value="" />
    <property name="jbi.service-assembly.description" value="Represents the Service Assembly of AsynchronousSampleApplication" />
    <property name="default.javac.target" value="1.6" />
    <property name="libs.junit_4.classpath" value="C:\Programme\NetBeans 6.5\platform9\modules\ext\junit-4.5.jar" />
    <property name="user.timezone" value="" />
    <property name="java.module.install.dir" value="C:\Programme\NetBeans 6.5\java2\modules" />
    <property name="libs.jsfsupport-designtime.src" value="C:\Programme\NetBeans 6.5\visualweb2\docs\appbase-src.zip;C:\Programme\NetBeans 6.5\visualweb2\docs\dataprovider-src.zip;C:\Programme\NetBeans 6.5\visualweb2\docs\jsfcl-src.zip" />
    <property name="libs.ant-contrib.src" value="" />
    <property name="libs.JAVADB_DRIVER_LABEL.javadoc" value="" />
    <property name="netbeans.dirs" value="C:\Programme\NetBeans 6.5\nb6.5;C:\Programme\NetBeans 6.5\ide10;C:\Programme\NetBeans 6.5\java2;C:\Programme\NetBeans 6.5\xml2;C:\Programme\NetBeans 6.5\apisupport1;C:\Programme\NetBeans 6.5\webcommon1;C:\Programme\NetBeans 6.5\websvccommon1;C:\Programme\NetBeans 6.5\enterprise5;C:\Programme\NetBeans 6.5\mobility8;C:\Programme\NetBeans 6.5\profiler3;C:\Programme\NetBeans 6.5\gsf1;C:\Programme\NetBeans 6.5\visualweb2;C:\Programme\NetBeans 6.5\soa2;C:\Programme\NetBeans 6.5\identity2;C:\Programme\NetBeans 6.5\harness;C:\Programme\NetBeans 6.5\groovy1" />
    <property name="libs.exceptionhandler-runtime.src" value="" />
    <property name="java.ext.dirs" value="C:\Programme\Java\jdk1.6.0_38\jre\lib\ext;C:\WINDOWS\Sun\Java\lib\ext" />
    <property name="libs.savaje-ant-utils.maven-pom" value="" />
    <property name="libs.semc-ant-utils.src" value="" />
    <property name="libs.absolutelayout.classpath" value="C:\Programme\NetBeans 6.5\java2\modules\ext\AbsoluteLayout.jar" />
    <property name="libs.restlib.maven-pom" value="" />
    <property name="libs.DataBindingME.javadoc" value="C:\Programme\NetBeans 6.5\mobility8\modules\docs\netbeans_databindingme-api.zip" />
    <property name="apple.laf.useScreenMenuBar" value="true" />
    <property name="java.class.path" value="C:\Programme\NetBeans 6.5\soa2\modules\org-netbeans-modules-compapp-manager-jbi.jar;C:\Programme\NetBeans 6.5\soa2\modules\org-netbeans-modules-compapp-projects-jbi.jar;C:\Programme\NetBeans 6.5\soa2\modules\ext\jbi\jbi-admin-common.jar;C:\Programme\NetBeans 6.5\soa2\modules\ext\jbi\catd.jar;C:\Programme\NetBeans 6.5\java2\modules\ext\junit-3.8.2.jar;C:\Programme\NetBeans 6.5\java2\modules\ext\jaxws21\api\saaj-api.jar;C:\Programme\NetBeans 6.5\java2\modules\ext\jaxws21\saaj-impl.jar;C:\Programme\NetBeans 6.5\java2\modules\ext\jaxws21\FastInfoset.jar;C:\Programme\NetBeans 6.5\ide10\modules\org-netbeans-modules-editor-lib.jar;C:\Programme\NetBeans 6.5\ide10\modules\org-netbeans-modules-editor.jar;C:\Programme\NetBeans 6.5\ide10\modules\org-netbeans-modules-editor-util.jar;C:\Programme\NetBeans 6.5\ide10\modules\org-netbeans-modules-editor-lib2.jar;C:\Programme\NetBeans 6.5\ide10\modules\org-netbeans-modules-editor-indent.jar;C:\Programme\NetBeans 6.5\ide10\modules\org-netbeans-modules-editor-plain.jar;C:\Programme\NetBeans 6.5\ide10\modules\org-netbeans-modules-editor-plain-lib.jar;C:\Programme\NetBeans 6.5\ide10\modules\org-netbeans-modules-editor-settings.jar;C:\Programme\NetBeans 6.5\ide10\modules\org-netbeans-modules-editor-settings-storage.jar;C:\Programme\NetBeans 6.5\ide10\modules\org-netbeans-modules-lexer.jar;C:\Programme\NetBeans 6.5\ide10\modules\org-netbeans-modules-xml-core.jar;C:\Programme\NetBeans 6.5\ide10\modules\org-netbeans-modules-xml-lexer.jar;C:\Programme\NetBeans 6.5\ide10\modules\org-netbeans-modules-xml-text.jar;C:\Programme\NetBeans 6.5\ide10\modules\org-netbeans-modules-xml-xdm.jar;C:\Programme\NetBeans 6.5\ide10\modules\org-netbeans-modules-xml-xam.jar;C:\Programme\NetBeans 6.5\ide10\modules\ext\jaxb\activation.jar;C:\Programme\NetBeans 6.5\platform9\lib\org-openide-modules.jar;C:\Programme\NetBeans 6.5\platform9\lib\org-openide-util.jar;C:\Programme\NetBeans 6.5\platform9\modules\org-openide-options.jar;C:\Programme\NetBeans 6.5\platform9\modules\org-openide-text.jar;C:\Programme\NetBeans 6.5\platform9\modules\org-openide-loaders.jar;C:\Programme\NetBeans 6.5\platform9\modules\org-openide-nodes.jar;C:\Programme\NetBeans 6.5\platform9\modules\org-netbeans-modules-editor-mimelookup.jar;C:\Programme\NetBeans 6.5\platform9\modules\org-netbeans-modules-editor-mimelookup-impl.jar;C:\Programme\NetBeans 6.5\platform9\core\org-openide-filesystems.jar;C:\Programme\NetBeans 6.5\java2\ant\lib\ant-launcher.jar;C:\Programme\NetBeans 6.5\java2\ant\lib\ant.jar;C:\Programme\NetBeans 6.5\java2\ant\patches\72080.jar" />
    <property name="jbi.content.component" value="sun-bpel-engine" />
    <property name="libs.webui-designtime.javadoc" value="C:\Programme\NetBeans 6.5\visualweb2\docs\webui-doc.zip" />
    <property name="libs.absolutelayout.src" value="" />
    <property name="libs.cdc-pp-awt-layout.maven-pom" value="" />
    <property name="j2ee.server.type" value="J2EE" />
    <property name="os.version" value="5.1" />
    <property name="libs.JMUnit4CLDC11.maven-pom" value="" />
    <property name="libs.toplink.javadoc" value="C:\Programme\NetBeans 6.5\enterprise5\docs\javaee5-doc-api.zip" />
    <property name="sun.desktop" value="windows" />
    <property name="libs.nb_svg_midp_components.maven-pom" value="" />
    <property name="libs.ricoh-ant-utils.javadoc" value="" />
    <property name="libs.NetBeans MIDP Components PDA.maven-pom" value="" />
    <property name="libs.restlib.javadoc" value="C:\Programme\NetBeans 6.5\enterprise5\docs\jersey-api-doc.zip" />
    <property name="java.awt.graphicsenv" value="sun.awt.Win32GraphicsEnvironment" />
    <property name="libs.beans-binding.javadoc" value="C:\Programme\NetBeans 6.5\java2\docs\beansbinding-1.2.1-doc.zip" />
    <property name="rave.version" value="2.0.0" />
    <property name="java.vm.vendor" value="Sun Microsystems Inc." />
    <property name="libs.CopyLibs.classpath" value="C:\Programme\NetBeans 6.5\java2\ant\extra\org-netbeans-modules-java-j2seproject-copylibstask.jar" />
    <property name="reference.AsynchronousSample.dist_se" value="../AsynchronousSample/build/SEDeployment.jar" />
    <property name="libs.spring-webmvc.maven-pom" value="" />
    <property name="libs.ejb3-persistence.classpath" value="C:\Programme\NetBeans 6.5\java2\modules\ext\hibernate\ejb3-persistence.jar" />
    <property name="libs.spring-framework.javadoc" value="" />
    <property name="libs.DataBindingME-PIM.src" value="" />
    <property name="libs.jquery.scriptpath" value="C:\Programme\NetBeans 6.5\webcommon1\modules\ext\javascript\jquery-1.2.6.zip" />
    <property name="libs.bdj-ant-utils.maven-pom" value="" />
    <property name="libs.PostgreSQLDriver.classpath" value="C:\Programme\NetBeans 6.5\ide10\modules\ext\postgresql-8.3-603.jdbc3.jar" />
    <property name="libs.jsf12.maven-pom" value="" />
    <property name="soa.module.install.dir" value="C:\Programme\NetBeans 6.5\soa2\modules" />
    <property name="libs.junit.src" value="" />
    <property name="build.dir" value="build" />
    <property name="libs.CopyLibs.src" value="" />
    <property name="ant.version" value="Apache Ant version 1.7.1 compiled on June 27 2008" />
    <property name="file.encoding" value="Cp1252" />
    <property name="build.classes.excludes" value="**/*.java,**/*.form,**/.nbattrs" />
    <property name="javadoc.nonavbar" value="false" />
    <property name="platform.active" value="default_platform" />
    <property name="awt.toolkit" value="sun.awt.windows.WToolkit" />
  </properties>
  <testcase classname="org.netbeans.modules.compapp.catd.ConfiguredTest" name="TestCase1" time="3.25">
    <failure message="[14.01.2014 12:03:42] The response is not identical to the expected output." type="junit.framework.AssertionFailedError">junit.framework.AssertionFailedError: [14.01.2014 12:03:42] The response is not identical to the expected output.
	at org.netbeans.modules.compapp.catd.ConfiguredTest.checkExpectedOutput(ConfiguredTest.java:2240)
	at org.netbeans.modules.compapp.catd.ConfiguredTest.checkExpectedOutput(ConfiguredTest.java:2122)
	at org.netbeans.modules.compapp.catd.ConfiguredTest.testConcurrentSOAPRequest(ConfiguredTest.java:748)
</failure>
  </testcase>
  <system-out><![CDATA[{java.runtime.name=Java(TM) SE Runtime Environment, sun.boot.library.path=C:\Programme\Java\jdk1.6.0_38\jre\bin, java.vm.version=20.13-b02, java.vm.vendor=Sun Microsystems Inc., java.vendor.url=http://java.sun.com/, path.separator=;, java.vm.name=Java HotSpot(TM) Client VM, file.encoding.pkg=sun.io, sun.java.launcher=SUN_STANDARD, user.country=AT, sun.os.patch.level=Service Pack 3, java.vm.specification.name=Java Virtual Machine Specification, user.dir=C:\Dokumente und Einstellungen\Install\Eigene Dateien\NetBeansProjects\AsynchronousSample\AsynchronousSampleApplication, java.runtime.version=1.6.0_38-ea-b04, java.awt.graphicsenv=sun.awt.Win32GraphicsEnvironment, inDebug=${inDebug}, java.endorsed.dirs=C:\Programme\Java\jdk1.6.0_38\jre\lib\endorsed, os.arch=x86, java.io.tmpdir=C:\DOKUME~1\Install\LOKALE~1\Temp\, line.separator=
, java.vm.specification.vendor=Sun Microsystems Inc., user.variant=, os.name=Windows XP, sun.jnu.encoding=Cp1252, java.library.path=C:\Programme\Java\jdk1.6.0_38\jre\bin;C:\WINDOWS\Sun\Java\bin;C:\WINDOWS\system32;C:\WINDOWS;C:\WINDOWS\system32;C:\WINDOWS;C:\WINDOWS\System32\Wbem;C:\Programme\ATI Technologies\ATI Control Panel;C:\Programme\Git\cmd;., java.specification.name=Java Platform API Specification, java.class.version=50.0, sun.management.compiler=HotSpot Client Compiler, os.version=5.1, user.home=C:\Dokumente und Einstellungen\Install, user.timezone=Europe/Berlin, java.awt.printerjob=sun.awt.windows.WPrinterJob, file.encoding=Cp1252, java.specification.version=1.6, java.class.path=C:\Programme\NetBeans 6.5\soa2\modules\org-netbeans-modules-compapp-manager-jbi.jar;C:\Programme\NetBeans 6.5\soa2\modules\org-netbeans-modules-compapp-projects-jbi.jar;C:\Programme\NetBeans 6.5\soa2\modules\ext\jbi\jbi-admin-common.jar;C:\Programme\NetBeans 6.5\soa2\modules\ext\jbi\catd.jar;C:\Programme\NetBeans 6.5\java2\modules\ext\junit-3.8.2.jar;C:\Programme\NetBeans 6.5\java2\modules\ext\jaxws21\api\saaj-api.jar;C:\Programme\NetBeans 6.5\java2\modules\ext\jaxws21\saaj-impl.jar;C:\Programme\NetBeans 6.5\java2\modules\ext\jaxws21\FastInfoset.jar;C:\Programme\NetBeans 6.5\ide10\modules\org-netbeans-modules-editor-lib.jar;C:\Programme\NetBeans 6.5\ide10\modules\org-netbeans-modules-editor.jar;C:\Programme\NetBeans 6.5\ide10\modules\org-netbeans-modules-editor-util.jar;C:\Programme\NetBeans 6.5\ide10\modules\org-netbeans-modules-editor-lib2.jar;C:\Programme\NetBeans 6.5\ide10\modules\org-netbeans-modules-editor-indent.jar;C:\Programme\NetBeans 6.5\ide10\modules\org-netbeans-modules-editor-plain.jar;C:\Programme\NetBeans 6.5\ide10\modules\org-netbeans-modules-editor-plain-lib.jar;C:\Programme\NetBeans 6.5\ide10\modules\org-netbeans-modules-editor-settings.jar;C:\Programme\NetBeans 6.5\ide10\modules\org-netbeans-modules-editor-settings-storage.jar;C:\Programme\NetBeans 6.5\ide10\modules\org-netbeans-modules-lexer.jar;C:\Programme\NetBeans 6.5\ide10\modules\org-netbeans-modules-xml-core.jar;C:\Programme\NetBeans 6.5\ide10\modules\org-netbeans-modules-xml-lexer.jar;C:\Programme\NetBeans 6.5\ide10\modules\org-netbeans-modules-xml-text.jar;C:\Programme\NetBeans 6.5\ide10\modules\org-netbeans-modules-xml-xdm.jar;C:\Programme\NetBeans 6.5\ide10\modules\org-netbeans-modules-xml-xam.jar;C:\Programme\NetBeans 6.5\ide10\modules\ext\jaxb\activation.jar;C:\Programme\NetBeans 6.5\platform9\lib\org-openide-modules.jar;C:\Programme\NetBeans 6.5\platform9\lib\org-openide-util.jar;C:\Programme\NetBeans 6.5\platform9\modules\org-openide-options.jar;C:\Programme\NetBeans 6.5\platform9\modules\org-openide-text.jar;C:\Programme\NetBeans 6.5\platform9\modules\org-openide-loaders.jar;C:\Programme\NetBeans 6.5\platform9\modules\org-openide-nodes.jar;C:\Programme\NetBeans 6.5\platform9\modules\org-netbeans-modules-editor-mimelookup.jar;C:\Programme\NetBeans 6.5\platform9\modules\org-netbeans-modules-editor-mimelookup-impl.jar;C:\Programme\NetBeans 6.5\platform9\core\org-openide-filesystems.jar;C:\Programme\NetBeans 6.5\java2\ant\lib\ant-launcher.jar;C:\Programme\NetBeans 6.5\java2\ant\lib\ant.jar;C:\Programme\NetBeans 6.5\java2\ant\patches\72080.jar, user.name=Install, java.vm.specification.version=1.0, sun.java.command=org.apache.tools.ant.taskdefs.optional.junit.JUnitTestRunner org.netbeans.modules.compapp.catd.ConfiguredTest filtertrace=true haltOnError=false haltOnFailure=false showoutput=true outputtoformatters=true logtestlistenerevents=true formatter=org.apache.tools.ant.taskdefs.optional.junit.BriefJUnitResultFormatter formatter=org.apache.tools.ant.taskdefs.optional.junit.XMLJUnitResultFormatter,C:\Dokumente und Einstellungen\Install\Eigene Dateien\NetBeansProjects\AsynchronousSample\AsynchronousSampleApplication\test\results\TEST-org.netbeans.modules.compapp.catd.ConfiguredTest.xml crashfile=C:\Dokumente und Einstellungen\Install\Eigene Dateien\NetBeansProjects\AsynchronousSample\AsynchronousSampleApplication\junitvmwatcher3103303677611602860.properties propsfile=C:\Dokumente und Einstellungen\Install\Eigene Dateien\NetBeansProjects\AsynchronousSample\AsynchronousSampleApplication\junit164255583423493256.properties, java.home=C:\Programme\Java\jdk1.6.0_38\jre, sun.arch.data.model=32, user.language=de, java.specification.vendor=Sun Microsystems Inc., NetBeansUserDir=C:\Dokumente und Einstellungen\Install\.netbeans\6.5, awt.toolkit=sun.awt.windows.WToolkit, java.vm.info=mixed mode, sharing, java.version=1.6.0_38-ea, java.ext.dirs=C:\Programme\Java\jdk1.6.0_38\jre\lib\ext;C:\WINDOWS\Sun\Java\lib\ext, sun.boot.class.path=C:\Programme\Java\jdk1.6.0_38\jre\lib\resources.jar;C:\Programme\Java\jdk1.6.0_38\jre\lib\rt.jar;C:\Programme\Java\jdk1.6.0_38\jre\lib\sunrsasign.jar;C:\Programme\Java\jdk1.6.0_38\jre\lib\jsse.jar;C:\Programme\Java\jdk1.6.0_38\jre\lib\jce.jar;C:\Programme\Java\jdk1.6.0_38\jre\lib\charsets.jar;C:\Programme\Java\jdk1.6.0_38\jre\lib\modules\jdk.boot.jar;C:\Programme\Java\jdk1.6.0_38\jre\classes, java.vendor=Sun Microsystems Inc., file.separator=\, java.vendor.url.bug=http://java.sun.com/cgi-bin/bugreport.cgi, sun.io.unicode.encoding=UnicodeLittle, sun.cpu.endian=little, sun.desktop=windows, sun.cpu.isalist=}
Test TestCase1\Concurrent.properties Failed. (Destination: http://localhost:18181/AsynchronousSampleClient)
]]></system-out>
  <system-err><![CDATA[14.01.2014 12:03:40 org.netbeans.modules.editor.settings.storage.Utils load
WARNUNG: Invalid or corrupted file: Editors/Keybindings/NetBeans/Defaults/org-netbeans-modules-editor-keybindings.xml
java.net.UnknownHostException: www.netbeans.org
	at java.net.PlainSocketImpl.connect(PlainSocketImpl.java:195)
	at java.net.SocksSocketImpl.connect(SocksSocketImpl.java:366)
	at java.net.Socket.connect(Socket.java:529)
	at java.net.Socket.connect(Socket.java:478)
	at sun.net.NetworkClient.doConnect(NetworkClient.java:163)
	at sun.net.www.http.HttpClient.openServer(HttpClient.java:411)
	at sun.net.www.http.HttpClient.openServer(HttpClient.java:525)
	at sun.net.www.http.HttpClient.<init>(HttpClient.java:208)
	at sun.net.www.http.HttpClient.New(HttpClient.java:291)
	at sun.net.www.http.HttpClient.New(HttpClient.java:310)
	at sun.net.www.protocol.http.HttpURLConnection.getNewHttpClient(HttpURLConnection.java:987)
	at sun.net.www.protocol.http.HttpURLConnection.plainConnect(HttpURLConnection.java:923)
	at sun.net.www.protocol.http.HttpURLConnection.connect(HttpURLConnection.java:841)
	at sun.net.www.protocol.http.HttpURLConnection.getInputStream(HttpURLConnection.java:1195)
	at com.sun.org.apache.xerces.internal.impl.XMLEntityManager.setupCurrentEntity(XMLEntityManager.java:675)
	at com.sun.org.apache.xerces.internal.impl.XMLEntityManager.startEntity(XMLEntityManager.java:1313)
	at com.sun.org.apache.xerces.internal.impl.XMLEntityManager.startDTDEntity(XMLEntityManager.java:1280)
	at com.sun.org.apache.xerces.internal.impl.XMLDTDScannerImpl.setInputSource(XMLDTDScannerImpl.java:283)
	at com.sun.org.apache.xerces.internal.impl.XMLDocumentScannerImpl$DTDDriver.dispatch(XMLDocumentScannerImpl.java:1191)
	at com.sun.org.apache.xerces.internal.impl.XMLDocumentScannerImpl$DTDDriver.next(XMLDocumentScannerImpl.java:1087)
	at com.sun.org.apache.xerces.internal.impl.XMLDocumentScannerImpl$PrologDriver.next(XMLDocumentScannerImpl.java:1000)
	at com.sun.org.apache.xerces.internal.impl.XMLDocumentScannerImpl.next(XMLDocumentScannerImpl.java:647)
	at com.sun.org.apache.xerces.internal.impl.XMLDocumentFragmentScannerImpl.scanDocument(XMLDocumentFragmentScannerImpl.java:511)
	at com.sun.org.apache.xerces.internal.parsers.XML11Configuration.parse(XML11Configuration.java:808)
	at com.sun.org.apache.xerces.internal.parsers.XML11Configuration.parse(XML11Configuration.java:737)
	at com.sun.org.apache.xerces.internal.parsers.XMLParser.parse(XMLParser.java:119)
	at com.sun.org.apache.xerces.internal.parsers.AbstractSAXParser.parse(AbstractSAXParser.java:1205)
	at com.sun.org.apache.xerces.internal.jaxp.SAXParserImpl$JAXPSAXParser.parse(SAXParserImpl.java:522)
	at org.netbeans.modules.editor.settings.storage.Utils.load(Utils.java:336)
	at org.netbeans.modules.editor.settings.storage.StorageImpl._load(StorageImpl.java:261)
	at org.netbeans.modules.editor.settings.storage.StorageImpl.load(StorageImpl.java:110)
	at org.netbeans.modules.editor.settings.storage.api.EditorSettingsStorage.load(EditorSettingsStorage.java:86)
	at org.netbeans.modules.editor.settings.storage.keybindings.KeyBindingSettingsImpl.getShortcuts(KeyBindingSettingsImpl.java:169)
	at org.netbeans.modules.editor.settings.storage.keybindings.KeyBindingSettingsImpl.createInstanceForLookup(KeyBindingSettingsImpl.java:279)
	at org.netbeans.modules.editor.settings.storage.SettingsProvider$MyLookup.<init>(SettingsProvider.java:257)
	at org.netbeans.modules.editor.settings.storage.SettingsProvider$MyLookup.<init>(SettingsProvider.java:151)
	at org.netbeans.modules.editor.settings.storage.SettingsProvider.getLookup(SettingsProvider.java:127)
	at org.netbeans.modules.editor.mimelookup.MimePathLookup.rebuild(MimePathLookup.java:118)
	at org.netbeans.modules.editor.mimelookup.MimePathLookup.beforeLookup(MimePathLookup.java:100)
	at org.openide.util.lookup.ProxyLookup.lookup(ProxyLookup.java:197)
	at org.netbeans.editor.BaseDocument.init(BaseDocument.java:515)
	at org.netbeans.editor.BaseDocument.<init>(BaseDocument.java:495)
	at org.netbeans.modules.xml.xdm.diff.XDMUtil.compareXML(XDMUtil.java:163)
	at org.netbeans.modules.xml.xdm.diff.XDMUtil.compareXML(XDMUtil.java:143)
	at org.netbeans.modules.compapp.catd.ConfiguredTest.testCompareXMLIdentical(ConfiguredTest.java:2726)
	at org.netbeans.modules.compapp.catd.ConfiguredTest.testCompareXMLIdentical(ConfiguredTest.java:2719)
	at org.netbeans.modules.compapp.catd.ConfiguredTest.checkExpectedOutput(ConfiguredTest.java:2229)
	at org.netbeans.modules.compapp.catd.ConfiguredTest.checkExpectedOutput(ConfiguredTest.java:2122)
	at org.netbeans.modules.compapp.catd.ConfiguredTest.testConcurrentSOAPRequest(ConfiguredTest.java:748)
	at sun.reflect.NativeMethodAccessorImpl.invoke0(Native Method)
	at sun.reflect.NativeMethodAccessorImpl.invoke(NativeMethodAccessorImpl.java:39)
	at sun.reflect.DelegatingMethodAccessorImpl.invoke(DelegatingMethodAccessorImpl.java:25)
	at java.lang.reflect.Method.invoke(Method.java:597)
	at junit.framework.TestCase.runTest(TestCase.java:164)
	at junit.framework.TestCase.runBare(TestCase.java:130)
	at junit.framework.TestResult$1.protect(TestResult.java:106)
	at junit.framework.TestResult.runProtected(TestResult.java:124)
	at junit.framework.TestResult.run(TestResult.java:109)
	at junit.framework.TestCase.run(TestCase.java:120)
	at junit.framework.TestSuite.runTest(TestSuite.java:230)
	at junit.framework.TestSuite.run(TestSuite.java:225)
	at org.apache.tools.ant.taskdefs.optional.junit.JUnitTestRunner.run(JUnitTestRunner.java:515)
	at org.apache.tools.ant.taskdefs.optional.junit.JUnitTestRunner.launch(JUnitTestRunner.java:1031)
	at org.apache.tools.ant.taskdefs.optional.junit.JUnitTestRunner.main(JUnitTestRunner.java:888)
14.01.2014 12:03:41 org.netbeans.modules.editor.settings.storage.Utils load
WARNUNG: Invalid or corrupted file: Editors/text/xml/Preferences/Defaults/org-netbeans-modules-xml-text-xmlPreferences.xml
java.net.UnknownHostException: www.netbeans.org
	at java.net.PlainSocketImpl.connect(PlainSocketImpl.java:195)
	at java.net.SocksSocketImpl.connect(SocksSocketImpl.java:366)
	at java.net.Socket.connect(Socket.java:529)
	at java.net.Socket.connect(Socket.java:478)
	at sun.net.NetworkClient.doConnect(NetworkClient.java:163)
	at sun.net.www.http.HttpClient.openServer(HttpClient.java:411)
	at sun.net.www.http.HttpClient.openServer(HttpClient.java:525)
	at sun.net.www.http.HttpClient.<init>(HttpClient.java:208)
	at sun.net.www.http.HttpClient.New(HttpClient.java:291)
	at sun.net.www.http.HttpClient.New(HttpClient.java:310)
	at sun.net.www.protocol.http.HttpURLConnection.getNewHttpClient(HttpURLConnection.java:987)
	at sun.net.www.protocol.http.HttpURLConnection.plainConnect(HttpURLConnection.java:923)
	at sun.net.www.protocol.http.HttpURLConnection.connect(HttpURLConnection.java:841)
	at sun.net.www.protocol.http.HttpURLConnection.getInputStream(HttpURLConnection.java:1195)
	at com.sun.org.apache.xerces.internal.impl.XMLEntityManager.setupCurrentEntity(XMLEntityManager.java:675)
	at com.sun.org.apache.xerces.internal.impl.XMLEntityManager.startEntity(XMLEntityManager.java:1313)
	at com.sun.org.apache.xerces.internal.impl.XMLEntityManager.startDTDEntity(XMLEntityManager.java:1280)
	at com.sun.org.apache.xerces.internal.impl.XMLDTDScannerImpl.setInputSource(XMLDTDScannerImpl.java:283)
	at com.sun.org.apache.xerces.internal.impl.XMLDocumentScannerImpl$DTDDriver.dispatch(XMLDocumentScannerImpl.java:1191)
	at com.sun.org.apache.xerces.internal.impl.XMLDocumentScannerImpl$DTDDriver.next(XMLDocumentScannerImpl.java:1087)
	at com.sun.org.apache.xerces.internal.impl.XMLDocumentScannerImpl$PrologDriver.next(XMLDocumentScannerImpl.java:1000)
	at com.sun.org.apache.xerces.internal.impl.XMLDocumentScannerImpl.next(XMLDocumentScannerImpl.java:647)
	at com.sun.org.apache.xerces.internal.impl.XMLDocumentFragmentScannerImpl.scanDocument(XMLDocumentFragmentScannerImpl.java:511)
	at com.sun.org.apache.xerces.internal.parsers.XML11Configuration.parse(XML11Configuration.java:808)
	at com.sun.org.apache.xerces.internal.parsers.XML11Configuration.parse(XML11Configuration.java:737)
	at com.sun.org.apache.xerces.internal.parsers.XMLParser.parse(XMLParser.java:119)
	at com.sun.org.apache.xerces.internal.parsers.AbstractSAXParser.parse(AbstractSAXParser.java:1205)
	at com.sun.org.apache.xerces.internal.jaxp.SAXParserImpl$JAXPSAXParser.parse(SAXParserImpl.java:522)
	at org.netbeans.modules.editor.settings.storage.Utils.load(Utils.java:336)
	at org.netbeans.modules.editor.settings.storage.StorageImpl._load(StorageImpl.java:261)
	at org.netbeans.modules.editor.settings.storage.StorageImpl.load(StorageImpl.java:110)
	at org.netbeans.modules.editor.settings.storage.api.EditorSettingsStorage.load(EditorSettingsStorage.java:86)
	at org.netbeans.modules.editor.settings.storage.preferences.PreferencesImpl.getLocal(PreferencesImpl.java:455)
	at org.netbeans.modules.editor.settings.storage.preferences.PreferencesImpl.getSpi(PreferencesImpl.java:289)
	at java.util.prefs.AbstractPreferences.get(AbstractPreferences.java:270)
	at java.util.prefs.AbstractPreferences.getInt(AbstractPreferences.java:369)
	at org.netbeans.editor.BaseDocument$1.preferenceChange(BaseDocument.java:344)
	at org.netbeans.editor.BaseDocument.init(BaseDocument.java:516)
	at org.netbeans.editor.BaseDocument.<init>(BaseDocument.java:495)
	at org.netbeans.modules.xml.xdm.diff.XDMUtil.compareXML(XDMUtil.java:163)
	at org.netbeans.modules.xml.xdm.diff.XDMUtil.compareXML(XDMUtil.java:143)
	at org.netbeans.modules.compapp.catd.ConfiguredTest.testCompareXMLIdentical(ConfiguredTest.java:2726)
	at org.netbeans.modules.compapp.catd.ConfiguredTest.testCompareXMLIdentical(ConfiguredTest.java:2719)
	at org.netbeans.modules.compapp.catd.ConfiguredTest.checkExpectedOutput(ConfiguredTest.java:2229)
	at org.netbeans.modules.compapp.catd.ConfiguredTest.checkExpectedOutput(ConfiguredTest.java:2122)
	at org.netbeans.modules.compapp.catd.ConfiguredTest.testConcurrentSOAPRequest(ConfiguredTest.java:748)
	at sun.reflect.NativeMethodAccessorImpl.invoke0(Native Method)
	at sun.reflect.NativeMethodAccessorImpl.invoke(NativeMethodAccessorImpl.java:39)
	at sun.reflect.DelegatingMethodAccessorImpl.invoke(DelegatingMethodAccessorImpl.java:25)
	at java.lang.reflect.Method.invoke(Method.java:597)
	at junit.framework.TestCase.runTest(TestCase.java:164)
	at junit.framework.TestCase.runBare(TestCase.java:130)
	at junit.framework.TestResult$1.protect(TestResult.java:106)
	at junit.framework.TestResult.runProtected(TestResult.java:124)
	at junit.framework.TestResult.run(TestResult.java:109)
	at junit.framework.TestCase.run(TestCase.java:120)
	at junit.framework.TestSuite.runTest(TestSuite.java:230)
	at junit.framework.TestSuite.run(TestSuite.java:225)
	at org.apache.tools.ant.taskdefs.optional.junit.JUnitTestRunner.run(JUnitTestRunner.java:515)
	at org.apache.tools.ant.taskdefs.optional.junit.JUnitTestRunner.launch(JUnitTestRunner.java:1031)
	at org.apache.tools.ant.taskdefs.optional.junit.JUnitTestRunner.main(JUnitTestRunner.java:888)
14.01.2014 12:03:41 org.netbeans.modules.editor.settings.storage.Utils load
WARNUNG: Invalid or corrupted file: Editors/Preferences/Defaults/org-netbeans-modules-editor-preferences.xml
java.net.UnknownHostException: www.netbeans.org
	at java.net.PlainSocketImpl.connect(PlainSocketImpl.java:195)
	at java.net.SocksSocketImpl.connect(SocksSocketImpl.java:366)
	at java.net.Socket.connect(Socket.java:529)
	at java.net.Socket.connect(Socket.java:478)
	at sun.net.NetworkClient.doConnect(NetworkClient.java:163)
	at sun.net.www.http.HttpClient.openServer(HttpClient.java:411)
	at sun.net.www.http.HttpClient.openServer(HttpClient.java:525)
	at sun.net.www.http.HttpClient.<init>(HttpClient.java:208)
	at sun.net.www.http.HttpClient.New(HttpClient.java:291)
	at sun.net.www.http.HttpClient.New(HttpClient.java:310)
	at sun.net.www.protocol.http.HttpURLConnection.getNewHttpClient(HttpURLConnection.java:987)
	at sun.net.www.protocol.http.HttpURLConnection.plainConnect(HttpURLConnection.java:923)
	at sun.net.www.protocol.http.HttpURLConnection.connect(HttpURLConnection.java:841)
	at sun.net.www.protocol.http.HttpURLConnection.getInputStream(HttpURLConnection.java:1195)
	at com.sun.org.apache.xerces.internal.impl.XMLEntityManager.setupCurrentEntity(XMLEntityManager.java:675)
	at com.sun.org.apache.xerces.internal.impl.XMLEntityManager.startEntity(XMLEntityManager.java:1313)
	at com.sun.org.apache.xerces.internal.impl.XMLEntityManager.startDTDEntity(XMLEntityManager.java:1280)
	at com.sun.org.apache.xerces.internal.impl.XMLDTDScannerImpl.setInputSource(XMLDTDScannerImpl.java:283)
	at com.sun.org.apache.xerces.internal.impl.XMLDocumentScannerImpl$DTDDriver.dispatch(XMLDocumentScannerImpl.java:1191)
	at com.sun.org.apache.xerces.internal.impl.XMLDocumentScannerImpl$DTDDriver.next(XMLDocumentScannerImpl.java:1087)
	at com.sun.org.apache.xerces.internal.impl.XMLDocumentScannerImpl$PrologDriver.next(XMLDocumentScannerImpl.java:1000)
	at com.sun.org.apache.xerces.internal.impl.XMLDocumentScannerImpl.next(XMLDocumentScannerImpl.java:647)
	at com.sun.org.apache.xerces.internal.impl.XMLDocumentFragmentScannerImpl.scanDocument(XMLDocumentFragmentScannerImpl.java:511)
	at com.sun.org.apache.xerces.internal.parsers.XML11Configuration.parse(XML11Configuration.java:808)
	at com.sun.org.apache.xerces.internal.parsers.XML11Configuration.parse(XML11Configuration.java:737)
	at com.sun.org.apache.xerces.internal.parsers.XMLParser.parse(XMLParser.java:119)
	at com.sun.org.apache.xerces.internal.parsers.AbstractSAXParser.parse(AbstractSAXParser.java:1205)
	at com.sun.org.apache.xerces.internal.jaxp.SAXParserImpl$JAXPSAXParser.parse(SAXParserImpl.java:522)
	at org.netbeans.modules.editor.settings.storage.Utils.load(Utils.java:336)
	at org.netbeans.modules.editor.settings.storage.StorageImpl._load(StorageImpl.java:261)
	at org.netbeans.modules.editor.settings.storage.StorageImpl.load(StorageImpl.java:110)
	at org.netbeans.modules.editor.settings.storage.api.EditorSettingsStorage.load(EditorSettingsStorage.java:86)
	at org.netbeans.modules.editor.settings.storage.preferences.PreferencesImpl.getLocal(PreferencesImpl.java:455)
	at org.netbeans.modules.editor.settings.storage.preferences.PreferencesImpl.getSpi(PreferencesImpl.java:289)
	at java.util.prefs.AbstractPreferences.get(AbstractPreferences.java:270)
	at org.netbeans.modules.editor.settings.storage.preferences.PreferencesImpl.getSpi(PreferencesImpl.java:294)
	at java.util.prefs.AbstractPreferences.get(AbstractPreferences.java:270)
	at java.util.prefs.AbstractPreferences.getInt(AbstractPreferences.java:369)
	at org.netbeans.editor.BaseDocument$1.preferenceChange(BaseDocument.java:344)
	at org.netbeans.editor.BaseDocument.init(BaseDocument.java:516)
	at org.netbeans.editor.BaseDocument.<init>(BaseDocument.java:495)
	at org.netbeans.modules.xml.xdm.diff.XDMUtil.compareXML(XDMUtil.java:163)
	at org.netbeans.modules.xml.xdm.diff.XDMUtil.compareXML(XDMUtil.java:143)
	at org.netbeans.modules.compapp.catd.ConfiguredTest.testCompareXMLIdentical(ConfiguredTest.java:2726)
	at org.netbeans.modules.compapp.catd.ConfiguredTest.testCompareXMLIdentical(ConfiguredTest.java:2719)
	at org.netbeans.modules.compapp.catd.ConfiguredTest.checkExpectedOutput(ConfiguredTest.java:2229)
	at org.netbeans.modules.compapp.catd.ConfiguredTest.checkExpectedOutput(ConfiguredTest.java:2122)
	at org.netbeans.modules.compapp.catd.ConfiguredTest.testConcurrentSOAPRequest(ConfiguredTest.java:748)
	at sun.reflect.NativeMethodAccessorImpl.invoke0(Native Method)
	at sun.reflect.NativeMethodAccessorImpl.invoke(NativeMethodAccessorImpl.java:39)
	at sun.reflect.DelegatingMethodAccessorImpl.invoke(DelegatingMethodAccessorImpl.java:25)
	at java.lang.reflect.Method.invoke(Method.java:597)
	at junit.framework.TestCase.runTest(TestCase.java:164)
	at junit.framework.TestCase.runBare(TestCase.java:130)
	at junit.framework.TestResult$1.protect(TestResult.java:106)
	at junit.framework.TestResult.runProtected(TestResult.java:124)
	at junit.framework.TestResult.run(TestResult.java:109)
	at junit.framework.TestCase.run(TestCase.java:120)
	at junit.framework.TestSuite.runTest(TestSuite.java:230)
	at junit.framework.TestSuite.run(TestSuite.java:225)
	at org.apache.tools.ant.taskdefs.optional.junit.JUnitTestRunner.run(JUnitTestRunner.java:515)
	at org.apache.tools.ant.taskdefs.optional.junit.JUnitTestRunner.launch(JUnitTestRunner.java:1031)
	at org.apache.tools.ant.taskdefs.optional.junit.JUnitTestRunner.main(JUnitTestRunner.java:888)
]]></system-err>
</testsuite>
